<?xml version="1.0" encoding="UTF-8"?>
<testng-results ignored="0" total="1" passed="1" failed="0" skipped="0">
  <reporter-output>
  </reporter-output>
  <suite started-at="2022-12-20T22:00:20 IST" name="Default suite" finished-at="2022-12-20T22:00:20 IST" duration-ms="96">
    <groups>
    </groups>
    <test started-at="2022-12-20T22:00:20 IST" name="Default test" finished-at="2022-12-20T22:00:20 IST" duration-ms="96">
      <class name="Oops.tp">
        <test-method signature="myTest()[pri:0, instance:Oops.tp@647fd8ce]" started-at="2022-12-20T22:00:20 IST" name="myTest" finished-at="2022-12-20T22:00:20 IST" duration-ms="21" status="PASS">
          <reporter-output>
          </reporter-output>
        </test-method> <!-- myTest -->
      </class> <!-- Oops.tp -->
    </test> <!-- Default test -->
  </suite> <!-- Default suite -->
</testng-results>
