<?xml version="1.0" encoding="UTF-8"?>
<!-- Generated by org.testng.reporters.JUnitReportReporter -->
<testsuite hostname="DESKTOP-PTOCE9C" failures="0" tests="1" name="TestNG.TestCase1" time="7.697" errors="0" timestamp="2022-12-30T17:44:17 IST" skipped="0">
  <testcase classname="TestNG.TestCase1" name="tc1" time="7.697"/>
  <system-out>
    <![CDATA[Facebook – log in or sign up
https://www.facebook.com/login/?privacy_mutation_token=eyJ0eXBlIjowLCJjcmVhdGlvbl90aW1lIjoxNjcyNDAyNDM5LCJjYWxsc2l0ZV9pZCI6MzgxMjI5MDc5NTc1OTQ2fQ%3D%3D]]>
  </system-out>
</testsuite> <!-- TestNG.TestCase1 -->
